2025-05-04 01:46:39 - Notification sent to Ahmed Mohsen (ahmed@unihive.systems) about meeting:  database 1 Meeting  scheduled for 2025-05-04 04:47:00
2025-05-04 01:49:29 - Notification sent to Ahmed Mohsen (ahmed@unihive.systems) about meeting: data scheduled for 2025-05-04 04:50:00
2025-05-04 02:13:07 - Notification sent to Ahmed Mohsen (ahmed@unihive.systems) about meeting: tetst scheduled for 2025-05-04 05:14:00
2025-05-04 02:24:59 - Notification sent to Ahmed Mohsen (ahmed@unihive.systems) about meeting: zero scheduled for 2025-05-04 05:26:00
2025-05-04 02:43:39 - Notification sent to Ahmed Mohsen (ahmed@unihive.systems) about meeting: eee scheduled for 2025-05-04 05:44:00
2025-05-04 02:52:43 - Notification sent to Ahmed Mohsen (ahmed@unihive.systems) about meeting: sss scheduled for 2025-05-04 05:54:00
2025-05-04 03:06:17 - Notification sent to Ahmed Mohsen (ahmed@unihive.systems) about meeting: dddd scheduled for 2025-05-04 06:07:00
2025-05-04 03:11:34 - Notification sent to Ahmed Mohsen (ahmed@unihive.systems) about meeting: ali scheduled for 2025-05-04 06:12:00
2025-05-04 03:25:49 - Notification sent to Ahmed Mohsen (ahmed@unihive.systems) about meeting: aaaa scheduled for 2025-05-04 06:26:00
2025-05-04 06:27:42 - Notification sent to Ahmed Mohsen (ahmed@unihive.systems) about meeting: aaaa scheduled for 2025-05-04 06:29:00
2025-05-04 06:34:14 - Notification sent to Ahmed Mohsen (ahmed@unihive.systems) about meeting: aa scheduled for 2025-05-04 06:35:00
2025-05-04 06:37:00 - Notification sent to Ahmed Mohsen (ahmed@unihive.systems) about meeting: hello scheduled for 2025-05-04 06:38:00
2025-05-04 06:40:16 - Notification sent to Ahmed Mohsen (ahmed@unihive.systems) about meeting: no scheduled for 2025-05-04 06:41:00
2025-05-04 06:44:34 - Notification sent to Ahmed Mohsen (ahmed@unihive.systems) about meeting: alkdf scheduled for 2025-05-04 06:45:00
2025-05-04 17:19:54 - Notification sent to Ahmed Mohsen (ahmed@unihive.systems) about meeting: tero scheduled for 2025-05-04 17:21:00
2025-05-04 17:23:42 - Notification sent to Ahmed Mohsen (ahmed@unihive.systems) about meeting: test99 scheduled for 2025-05-04 17:24:00
2025-05-04 17:26:21 - Notification sent to Ahmed Mohsen (ahmed@unihive.systems) about meeting: dddsd scheduled for 2025-05-04 17:27:00
2025-05-04 17:32:42 - Notification sent to Ahmed Mohsen (ahmed@unihive.systems) about meeting: khjfkdf scheduled for 2025-05-04 17:33:00
2025-05-04 17:38:27 - Notification sent to Ahmed Mohsen (ahmed@unihive.systems) about meeting: dfsdfsdf scheduled for 2025-05-04 17:39:00
2025-05-04 17:44:16 - Notification sent to Ahmed Mohsen (ahmed@unihive.systems) about meeting: liufgi scheduled for 2025-05-04 17:45:00
2025-05-04 17:47:26 - Notification sent to Ahmed Mohsen (ahmed@unihive.systems) about meeting: zeko scheduled for 2025-05-04 17:48:00
2025-05-04 17:59:49 - Notification sent to Ahmed Mohsen (ahmed@unihive.systems) about meeting: dgdfg scheduled for 2025-05-04 18:00:00
2025-05-04 20:00:58 - Notification sent to Ahmed Mohsen (ahmed@unihive.systems) about meeting: dsfsdf scheduled for 2025-05-04 20:02:00
2025-05-04 20:02:55 - Notification sent to Ahmed Mohsen (ahmed@unihive.systems) about meeting: asd scheduled for 2025-05-04 20:07:00
2025-05-04 23:55:09 - Notification sent to Ahmed Mohsen (ahmed@unihive.systems) about meeting: www scheduled for 2025-05-05 00:00:00
2025-05-05 01:25:19 - Notification sent to Ahmed Mohsen (ahmed@unihive.systems) about meeting: ytyt scheduled for 2025-05-05 01:26:00
2025-05-05 16:05:26 - Notification sent to Ahmed Mohsen (ahmed@unihive.systems) about meeting: ahmed scheduled for 2025-05-05 16:06:00
2025-05-06 13:31:15 - Notification sent to Ahmed Mohsen (ahmed@unihive.systems) about meeting: test scheduled for 2025-05-06 13:32:00
